<?xml version="1.0" encoding="UTF-8"?>
<!-- Generated by org.testng.reporters.JUnitReportReporter -->
<testsuite hostname="LAPTOP-CV46QDVC" failures="0" tests="1" name="screenshot.TakeScreenshot" time="13.793" errors="0" timestamp="2023-11-08T01:20:55 IST" skipped="0">
  <testcase classname="screenshot.TakeScreenshot" name="takingScreenshotUsingAshot" time="13.793"/>
</testsuite> <!-- screenshot.TakeScreenshot -->
