<?xml version="1.0" encoding="UTF-8"?>
<!-- Generated by org.testng.reporters.JUnitReportReporter -->
<testsuite hostname="LAPTOP-CV46QDVC" failures="0" tests="4" name="com.selenium.loginTest.Login" time="44.448" errors="0" timestamp="2023-11-08T17:15:22 IST" skipped="0">
  <testcase classname="com.selenium.loginTest.Login" name="loginWithInvalidUsernameAndCPassword" time="10.230"/>
  <testcase classname="com.selenium.loginTest.Login" name="loginWithValidCredentials" time="10.426"/>
  <testcase classname="com.selenium.loginTest.Login" name="loginWithNoCredentials" time="13.867"/>
  <testcase classname="com.selenium.loginTest.Login" name="loginWithValidUsernameAndWrongPassword" time="9.925"/>
</testsuite> <!-- com.selenium.loginTest.Login -->
