<?xml version="1.0" encoding="UTF-8"?>
<!-- Generated by org.testng.reporters.JUnitReportReporter -->
<testsuite hostname="LAPTOP-CV46QDVC" failures="0" tests="4" name="com.selenium.scenarios.Register" time="43.879" errors="0" timestamp="2023-11-24T00:31:22 IST" skipped="0">
  <testcase classname="com.selenium.scenarios.Register" name="registerAccountWithValidFields" time="11.296"/>
  <testcase classname="com.selenium.scenarios.Register" name="registerAccountWithValidFieldsAndSubscribeAsYes" time="13.193"/>
  <testcase classname="com.selenium.scenarios.Register" name="registerAccountWithoutAgreeingToPrivacyPolicy" time="10.114"/>
  <testcase classname="com.selenium.scenarios.Register" name="registerAccountWithoutEnteringAnyFields" time="9.276"/>
</testsuite> <!-- com.selenium.scenarios.Register -->
