<?xml version="1.0" encoding="UTF-8"?>
<!-- Generated by org.testng.reporters.JUnitReportReporter -->
<testsuite hostname="LAPTOP-CV46QDVC" failures="0" tests="1" name="com.selenium.base.Base" time="0.013" errors="0" timestamp="2023-11-10T00:59:22 IST" skipped="0">
  <testcase classname="com.selenium.base.Base" name="readConfigFileData" time="0.013"/>
</testsuite> <!-- com.selenium.base.Base -->
