<?xml version="1.0" encoding="UTF-8"?>
<!-- Generated by org.testng.reporters.JUnitReportReporter -->
<testsuite hostname="LAPTOP-CV46QDVC" failures="0" tests="5" name="com.selenium.scenarios.Login" time="56.995" errors="0" timestamp="2023-11-24T00:31:22 IST" skipped="0">
  <testcase classname="com.selenium.scenarios.Login" name="loginWithValidCredentials" time="14.868"/>
  <testcase classname="com.selenium.scenarios.Login" name="loginWithValidCredentials" time="13.337"/>
  <testcase classname="com.selenium.scenarios.Login" name="loginWithValidCredentials" time="9.426"/>
  <testcase classname="com.selenium.scenarios.Login" name="loginWithValidUsernameAndWrongPassword" time="8.542"/>
  <testcase classname="com.selenium.scenarios.Login" name="loginWithNoCredentials" time="10.822"/>
</testsuite> <!-- com.selenium.scenarios.Login -->
